<?xml version="1.0" encoding="UTF-8" ?>
<testsuite failures="0" time="0.767" errors="1" skipped="0" tests="4" name="org.openinfinity.sso.identityprovisioning.bpmn.ProcessEngineBridgeSpringIntegrationTest">
  <properties>
    <property name="java.runtime.name" value="Java(TM) SE Runtime Environment"/>
    <property name="sun.boot.library.path" value="/System/Library/Java/JavaVirtualMachines/1.6.0.jdk/Contents/Libraries"/>
    <property name="java.vm.version" value="20.65-b04-462"/>
    <property name="awt.nativeDoubleBuffering" value="true"/>
    <property name="gopherProxySet" value="false"/>
    <property name="mrj.build" value="11M4609"/>
    <property name="java.vm.vendor" value="Apple Inc."/>
    <property name="java.vendor.url" value="http://www.apple.com/"/>
    <property name="path.separator" value=":"/>
    <property name="java.vm.name" value="Java HotSpot(TM) 64-Bit Server VM"/>
    <property name="file.encoding.pkg" value="sun.io"/>
    <property name="user.country" value="US"/>
    <property name="sun.java.launcher" value="SUN_STANDARD"/>
    <property name="sun.os.patch.level" value="unknown"/>
    <property name="java.vm.specification.name" value="Java Virtual Machine Specification"/>
    <property name="user.dir" value="/Users/leinpilk/Development/src/openinfinity/sso/open-infinity-identity-provisioning/open-infinity-identity-provisioning-bpmn"/>
    <property name="java.runtime.version" value="1.6.0_65-b14-462-11M4609"/>
    <property name="java.awt.graphicsenv" value="apple.awt.CGraphicsEnvironment"/>
    <property name="basedir" value="/Users/leinpilk/Development/src/openinfinity/sso/open-infinity-identity-provisioning/open-infinity-identity-provisioning-bpmn"/>
    <property name="java.endorsed.dirs" value="/System/Library/Java/JavaVirtualMachines/1.6.0.jdk/Contents/Home/lib/endorsed"/>
    <property name="os.arch" value="x86_64"/>
    <property name="surefire.real.class.path" value="/Users/leinpilk/Development/src/openinfinity/sso/open-infinity-identity-provisioning/open-infinity-identity-provisioning-bpmn/target/surefire/surefirebooter3738361042842865559.jar"/>
    <property name="java.io.tmpdir" value="/var/folders/7s/5t87glkj5_bbwytb29g82hc80000gn/T/"/>
    <property name="line.separator" value="
"/>
    <property name="java.vm.specification.vendor" value="Sun Microsystems Inc."/>
    <property name="os.name" value="Mac OS X"/>
    <property name="sun.jnu.encoding" value="MacRoman"/>
    <property name="java.library.path" value=".:/Library/Java/Extensions:/System/Library/Java/Extensions:/usr/lib/java"/>
    <property name="surefire.test.class.path" value="/Users/leinpilk/Development/src/openinfinity/sso/open-infinity-identity-provisioning/open-infinity-identity-provisioning-bpmn/target/test-classes:/Users/leinpilk/Development/src/openinfinity/sso/open-infinity-identity-provisioning/open-infinity-identity-provisioning-bpmn/target/classes:/Users/leinpilk/Development/src/openinfinity/sso/open-infinity-identity-provisioning/open-infinity-identity-provisioning-common/target/open-infinity-identity-provisioning-common-SNAPSHOT.jar:/Users/leinpilk/.m2/repository/org/activiti/activiti-spring/5.13/activiti-spring-5.13.jar:/Users/leinpilk/.m2/repository/org/activiti/activiti-engine/5.13/activiti-engine-5.13.jar:/Users/leinpilk/.m2/repository/org/activiti/activiti-bpmn-converter/5.13/activiti-bpmn-converter-5.13.jar:/Users/leinpilk/.m2/repository/org/activiti/activiti-bpmn-model/5.13/activiti-bpmn-model-5.13.jar:/Users/leinpilk/.m2/repository/org/apache/commons/commons-email/1.2/commons-email-1.2.jar:/Users/leinpilk/.m2/repository/javax/mail/mail/1.4.1/mail-1.4.1.jar:/Users/leinpilk/.m2/repository/javax/activation/activation/1.1/activation-1.1.jar:/Users/leinpilk/.m2/repository/org/mybatis/mybatis/3.2.2/mybatis-3.2.2.jar:/Users/leinpilk/.m2/repository/org/springframework/spring-jdbc/3.1.2.RELEASE/spring-jdbc-3.1.2.RELEASE.jar:/Users/leinpilk/.m2/repository/org/springframework/spring-tx/3.1.2.RELEASE/spring-tx-3.1.2.RELEASE.jar:/Users/leinpilk/.m2/repository/org/springframework/spring-aop/3.1.2.RELEASE/spring-aop-3.1.2.RELEASE.jar:/Users/leinpilk/.m2/repository/commons-lang/commons-lang/2.4/commons-lang-2.4.jar:/Users/leinpilk/.m2/repository/org/springframework/spring-orm/3.1.2.RELEASE/spring-orm-3.1.2.RELEASE.jar:/Users/leinpilk/.m2/repository/commons-dbcp/commons-dbcp/1.4/commons-dbcp-1.4.jar:/Users/leinpilk/.m2/repository/commons-pool/commons-pool/1.5.4/commons-pool-1.5.4.jar:/Users/leinpilk/.m2/repository/org/openinfinity/open-infinity-core/SNAPSHOT/open-infinity-core-SNAPSHOT.jar:/Users/leinpilk/.m2/repository/org/springframework/spring-core/3.1.4.RELEASE/spring-core-3.1.4.RELEASE.jar:/Users/leinpilk/.m2/repository/commons-logging/commons-logging/1.1.1/commons-logging-1.1.1.jar:/Users/leinpilk/.m2/repository/org/springframework/spring-context/3.1.4.RELEASE/spring-context-3.1.4.RELEASE.jar:/Users/leinpilk/.m2/repository/org/springframework/spring-expression/3.1.4.RELEASE/spring-expression-3.1.4.RELEASE.jar:/Users/leinpilk/.m2/repository/org/springframework/spring-beans/3.1.4.RELEASE/spring-beans-3.1.4.RELEASE.jar:/Users/leinpilk/.m2/repository/org/springframework/security/spring-security-core/3.1.4.RELEASE/spring-security-core-3.1.4.RELEASE.jar:/Users/leinpilk/.m2/repository/aopalliance/aopalliance/1.0/aopalliance-1.0.jar:/Users/leinpilk/.m2/repository/org/springframework/security/spring-security-config/3.1.4.RELEASE/spring-security-config-3.1.4.RELEASE.jar:/Users/leinpilk/.m2/repository/org/springframework/spring-web/3.1.4.RELEASE/spring-web-3.1.4.RELEASE.jar:/Users/leinpilk/.m2/repository/org/springframework/spring-webmvc/3.1.4.RELEASE/spring-webmvc-3.1.4.RELEASE.jar:/Users/leinpilk/.m2/repository/org/springframework/spring-context-support/3.1.4.RELEASE/spring-context-support-3.1.4.RELEASE.jar:/Users/leinpilk/.m2/repository/org/springframework/security/spring-security-taglibs/3.1.4.RELEASE/spring-security-taglibs-3.1.4.RELEASE.jar:/Users/leinpilk/.m2/repository/org/springframework/security/spring-security-web/3.1.4.RELEASE/spring-security-web-3.1.4.RELEASE.jar:/Users/leinpilk/.m2/repository/org/springframework/security/spring-security-acl/3.1.4.RELEASE/spring-security-acl-3.1.4.RELEASE.jar:/Users/leinpilk/.m2/repository/org/springframework/batch/spring-batch-core/2.2.0.RELEASE/spring-batch-core-2.2.0.RELEASE.jar:/Users/leinpilk/.m2/repository/org/springframework/batch/spring-batch-infrastructure/2.2.0.RELEASE/spring-batch-infrastructure-2.2.0.RELEASE.jar:/Users/leinpilk/.m2/repository/org/springframework/retry/spring-retry/1.0.2.RELEASE/spring-retry-1.0.2.RELEASE.jar:/Users/leinpilk/.m2/repository/com/thoughtworks/xstream/xstream/1.3/xstream-1.3.jar:/Users/leinpilk/.m2/repository/xpp3/xpp3_min/1.1.4c/xpp3_min-1.1.4c.jar:/Users/leinpilk/.m2/repository/org/codehaus/jettison/jettison/1.1/jettison-1.1.jar:/Users/leinpilk/.m2/repository/org/aspectj/aspectjweaver/1.6.8/aspectjweaver-1.6.8.jar:/Users/leinpilk/.m2/repository/cglib/cglib/2.2/cglib-2.2.jar:/Users/leinpilk/.m2/repository/asm/asm/3.1/asm-3.1.jar:/Users/leinpilk/.m2/repository/org/aspectj/aspectjrt/1.6.8/aspectjrt-1.6.8.jar:/Users/leinpilk/.m2/repository/org/springframework/spring-asm/3.1.4.RELEASE/spring-asm-3.1.4.RELEASE.jar:/Users/leinpilk/.m2/repository/net/sf/ehcache/ehcache/2.7.1/ehcache-2.7.1.jar:/Users/leinpilk/.m2/repository/net/sf/ehcache/internal/ehcache-terracotta-bootstrap/2.7.1/ehcache-terracotta-bootstrap-2.7.1.jar:/Users/leinpilk/.m2/repository/net/sf/ehcache/internal/ehcache-rest-agent/2.7.1/ehcache-rest-agent-2.7.1.jar:/Users/leinpilk/.m2/repository/net/sf/ehcache/internal/ehcache-core/2.7.1/ehcache-core-2.7.1.jar:/Users/leinpilk/.m2/repository/org/terracotta/internal/statistics/1.0.1/statistics-1.0.1.jar:/Users/leinpilk/.m2/repository/org/jolokia/jolokia-client-java/1.1.1/jolokia-client-java-1.1.1.jar:/Users/leinpilk/.m2/repository/com/googlecode/json-simple/json-simple/1.1/json-simple-1.1.jar:/Users/leinpilk/.m2/repository/org/apache/httpcomponents/httpclient-osgi/4.1.2/httpclient-osgi-4.1.2.jar:/Users/leinpilk/.m2/repository/org/apache/httpcomponents/httpclient/4.1.2/httpclient-4.1.2.jar:/Users/leinpilk/.m2/repository/org/apache/httpcomponents/httpcore/4.1.2/httpcore-4.1.2.jar:/Users/leinpilk/.m2/repository/org/apache/httpcomponents/httpmime/4.1.2/httpmime-4.1.2.jar:/Users/leinpilk/.m2/repository/org/apache/httpcomponents/httpclient-cache/4.1.2/httpclient-cache-4.1.2.jar:/Users/leinpilk/.m2/repository/org/jolokia/jolokia-core/1.1.1/jolokia-core-1.1.1.jar:/Users/leinpilk/.m2/repository/commons-jxpath/commons-jxpath/1.3/commons-jxpath-1.3.jar:/Users/leinpilk/.m2/repository/org/projectlombok/lombok/0.11.8/lombok-0.11.8.jar:/Users/leinpilk/.m2/repository/joda-time/joda-time/2.2/joda-time-2.2.jar:/Users/leinpilk/.m2/repository/javax/validation/validation-api/1.1.0.Final/validation-api-1.1.0.Final.jar:/Users/leinpilk/.m2/repository/org/hibernate/hibernate-validator/4.2.0.Final/hibernate-validator-4.2.0.Final.jar:/Users/leinpilk/.m2/repository/org/codehaus/jackson/jackson-core-asl/1.9.12/jackson-core-asl-1.9.12.jar:/Users/leinpilk/.m2/repository/org/codehaus/jackson/jackson-mapper-asl/1.9.12/jackson-mapper-asl-1.9.12.jar:/Users/leinpilk/.m2/repository/org/codehaus/jackson/jackson-jaxrs/1.9.12/jackson-jaxrs-1.9.12.jar:/Users/leinpilk/.m2/repository/org/codehaus/jackson/jackson-xc/1.9.12/jackson-xc-1.9.12.jar:/Users/leinpilk/.m2/repository/org/hdiv/hdiv-core/2.1.4/hdiv-core-2.1.4.jar:/Users/leinpilk/.m2/repository/commons-fileupload/commons-fileupload/1.1.1/commons-fileupload-1.1.1.jar:/Users/leinpilk/.m2/repository/commons-io/commons-io/1.1/commons-io-1.1.jar:/Users/leinpilk/.m2/repository/org/hdiv/hdiv-config/2.1.4/hdiv-config-2.1.4.jar:/Users/leinpilk/.m2/repository/org/hdiv/hdiv-spring-mvc/2.1.4/hdiv-spring-mvc-2.1.4.jar:/Users/leinpilk/.m2/repository/javax/servlet/servlet-api/2.5/servlet-api-2.5.jar:/Users/leinpilk/.m2/repository/org/grails/grails-core/2.2.0.RC2/grails-core-2.2.0.RC2.jar:/Users/leinpilk/.m2/repository/org/hdiv/hdiv-jstl-taglibs-1.2/2.1.4/hdiv-jstl-taglibs-1.2-2.1.4.jar:/Users/leinpilk/.m2/repository/javax/servlet/jstl/1.2/jstl-1.2.jar:/Users/leinpilk/.m2/repository/org/keyczar/keyczar/0.71g/keyczar-0.71g.jar:/Users/leinpilk/.m2/repository/com/google/code/gson/gson/1.7.1/gson-1.7.1.jar:/Users/leinpilk/.m2/repository/commons-codec/commons-codec/1.8/commons-codec-1.8.jar:/Users/leinpilk/.m2/repository/org/slf4j/jul-to-slf4j/1.7.5/jul-to-slf4j-1.7.5.jar:/Users/leinpilk/.m2/repository/org/slf4j/jcl-over-slf4j/1.7.5/jcl-over-slf4j-1.7.5.jar:/Users/leinpilk/.m2/repository/org/slf4j/slf4j-api/1.7.5/slf4j-api-1.7.5.jar:/Users/leinpilk/.m2/repository/org/slf4j/slf4j-log4j12/1.7.5/slf4j-log4j12-1.7.5.jar:/Users/leinpilk/.m2/repository/log4j/log4j/1.2.17/log4j-1.2.17.jar:/Users/leinpilk/.m2/repository/com/h2database/h2/1.2.132/h2-1.2.132.jar:/Users/leinpilk/.m2/repository/org/springframework/spring-test/3.1.4.RELEASE/spring-test-3.1.4.RELEASE.jar:/Users/leinpilk/.m2/repository/junit/junit/4.8.1/junit-4.8.1.jar:"/>
    <property name="java.specification.name" value="Java Platform API Specification"/>
    <property name="java.class.version" value="50.0"/>
    <property name="sun.management.compiler" value="HotSpot 64-Bit Tiered Compilers"/>
    <property name="os.version" value="10.7.5"/>
    <property name="user.home" value="/Users/leinpilk"/>
    <property name="user.timezone" value="Europe/Helsinki"/>
    <property name="java.awt.printerjob" value="apple.awt.CPrinterJob"/>
    <property name="java.specification.version" value="1.6"/>
    <property name="file.encoding" value="MacRoman"/>
    <property name="user.name" value="leinpilk"/>
    <property name="java.class.path" value="/Users/leinpilk/Development/src/openinfinity/sso/open-infinity-identity-provisioning/open-infinity-identity-provisioning-bpmn/target/test-classes:/Users/leinpilk/Development/src/openinfinity/sso/open-infinity-identity-provisioning/open-infinity-identity-provisioning-bpmn/target/classes:/Users/leinpilk/Development/src/openinfinity/sso/open-infinity-identity-provisioning/open-infinity-identity-provisioning-common/target/open-infinity-identity-provisioning-common-SNAPSHOT.jar:/Users/leinpilk/.m2/repository/org/activiti/activiti-spring/5.13/activiti-spring-5.13.jar:/Users/leinpilk/.m2/repository/org/activiti/activiti-engine/5.13/activiti-engine-5.13.jar:/Users/leinpilk/.m2/repository/org/activiti/activiti-bpmn-converter/5.13/activiti-bpmn-converter-5.13.jar:/Users/leinpilk/.m2/repository/org/activiti/activiti-bpmn-model/5.13/activiti-bpmn-model-5.13.jar:/Users/leinpilk/.m2/repository/org/apache/commons/commons-email/1.2/commons-email-1.2.jar:/Users/leinpilk/.m2/repository/javax/mail/mail/1.4.1/mail-1.4.1.jar:/Users/leinpilk/.m2/repository/javax/activation/activation/1.1/activation-1.1.jar:/Users/leinpilk/.m2/repository/org/mybatis/mybatis/3.2.2/mybatis-3.2.2.jar:/Users/leinpilk/.m2/repository/org/springframework/spring-jdbc/3.1.2.RELEASE/spring-jdbc-3.1.2.RELEASE.jar:/Users/leinpilk/.m2/repository/org/springframework/spring-tx/3.1.2.RELEASE/spring-tx-3.1.2.RELEASE.jar:/Users/leinpilk/.m2/repository/org/springframework/spring-aop/3.1.2.RELEASE/spring-aop-3.1.2.RELEASE.jar:/Users/leinpilk/.m2/repository/commons-lang/commons-lang/2.4/commons-lang-2.4.jar:/Users/leinpilk/.m2/repository/org/springframework/spring-orm/3.1.2.RELEASE/spring-orm-3.1.2.RELEASE.jar:/Users/leinpilk/.m2/repository/commons-dbcp/commons-dbcp/1.4/commons-dbcp-1.4.jar:/Users/leinpilk/.m2/repository/commons-pool/commons-pool/1.5.4/commons-pool-1.5.4.jar:/Users/leinpilk/.m2/repository/org/openinfinity/open-infinity-core/SNAPSHOT/open-infinity-core-SNAPSHOT.jar:/Users/leinpilk/.m2/repository/org/springframework/spring-core/3.1.4.RELEASE/spring-core-3.1.4.RELEASE.jar:/Users/leinpilk/.m2/repository/commons-logging/commons-logging/1.1.1/commons-logging-1.1.1.jar:/Users/leinpilk/.m2/repository/org/springframework/spring-context/3.1.4.RELEASE/spring-context-3.1.4.RELEASE.jar:/Users/leinpilk/.m2/repository/org/springframework/spring-expression/3.1.4.RELEASE/spring-expression-3.1.4.RELEASE.jar:/Users/leinpilk/.m2/repository/org/springframework/spring-beans/3.1.4.RELEASE/spring-beans-3.1.4.RELEASE.jar:/Users/leinpilk/.m2/repository/org/springframework/security/spring-security-core/3.1.4.RELEASE/spring-security-core-3.1.4.RELEASE.jar:/Users/leinpilk/.m2/repository/aopalliance/aopalliance/1.0/aopalliance-1.0.jar:/Users/leinpilk/.m2/repository/org/springframework/security/spring-security-config/3.1.4.RELEASE/spring-security-config-3.1.4.RELEASE.jar:/Users/leinpilk/.m2/repository/org/springframework/spring-web/3.1.4.RELEASE/spring-web-3.1.4.RELEASE.jar:/Users/leinpilk/.m2/repository/org/springframework/spring-webmvc/3.1.4.RELEASE/spring-webmvc-3.1.4.RELEASE.jar:/Users/leinpilk/.m2/repository/org/springframework/spring-context-support/3.1.4.RELEASE/spring-context-support-3.1.4.RELEASE.jar:/Users/leinpilk/.m2/repository/org/springframework/security/spring-security-taglibs/3.1.4.RELEASE/spring-security-taglibs-3.1.4.RELEASE.jar:/Users/leinpilk/.m2/repository/org/springframework/security/spring-security-web/3.1.4.RELEASE/spring-security-web-3.1.4.RELEASE.jar:/Users/leinpilk/.m2/repository/org/springframework/security/spring-security-acl/3.1.4.RELEASE/spring-security-acl-3.1.4.RELEASE.jar:/Users/leinpilk/.m2/repository/org/springframework/batch/spring-batch-core/2.2.0.RELEASE/spring-batch-core-2.2.0.RELEASE.jar:/Users/leinpilk/.m2/repository/org/springframework/batch/spring-batch-infrastructure/2.2.0.RELEASE/spring-batch-infrastructure-2.2.0.RELEASE.jar:/Users/leinpilk/.m2/repository/org/springframework/retry/spring-retry/1.0.2.RELEASE/spring-retry-1.0.2.RELEASE.jar:/Users/leinpilk/.m2/repository/com/thoughtworks/xstream/xstream/1.3/xstream-1.3.jar:/Users/leinpilk/.m2/repository/xpp3/xpp3_min/1.1.4c/xpp3_min-1.1.4c.jar:/Users/leinpilk/.m2/repository/org/codehaus/jettison/jettison/1.1/jettison-1.1.jar:/Users/leinpilk/.m2/repository/org/aspectj/aspectjweaver/1.6.8/aspectjweaver-1.6.8.jar:/Users/leinpilk/.m2/repository/cglib/cglib/2.2/cglib-2.2.jar:/Users/leinpilk/.m2/repository/asm/asm/3.1/asm-3.1.jar:/Users/leinpilk/.m2/repository/org/aspectj/aspectjrt/1.6.8/aspectjrt-1.6.8.jar:/Users/leinpilk/.m2/repository/org/springframework/spring-asm/3.1.4.RELEASE/spring-asm-3.1.4.RELEASE.jar:/Users/leinpilk/.m2/repository/net/sf/ehcache/ehcache/2.7.1/ehcache-2.7.1.jar:/Users/leinpilk/.m2/repository/net/sf/ehcache/internal/ehcache-terracotta-bootstrap/2.7.1/ehcache-terracotta-bootstrap-2.7.1.jar:/Users/leinpilk/.m2/repository/net/sf/ehcache/internal/ehcache-rest-agent/2.7.1/ehcache-rest-agent-2.7.1.jar:/Users/leinpilk/.m2/repository/net/sf/ehcache/internal/ehcache-core/2.7.1/ehcache-core-2.7.1.jar:/Users/leinpilk/.m2/repository/org/terracotta/internal/statistics/1.0.1/statistics-1.0.1.jar:/Users/leinpilk/.m2/repository/org/jolokia/jolokia-client-java/1.1.1/jolokia-client-java-1.1.1.jar:/Users/leinpilk/.m2/repository/com/googlecode/json-simple/json-simple/1.1/json-simple-1.1.jar:/Users/leinpilk/.m2/repository/org/apache/httpcomponents/httpclient-osgi/4.1.2/httpclient-osgi-4.1.2.jar:/Users/leinpilk/.m2/repository/org/apache/httpcomponents/httpclient/4.1.2/httpclient-4.1.2.jar:/Users/leinpilk/.m2/repository/org/apache/httpcomponents/httpcore/4.1.2/httpcore-4.1.2.jar:/Users/leinpilk/.m2/repository/org/apache/httpcomponents/httpmime/4.1.2/httpmime-4.1.2.jar:/Users/leinpilk/.m2/repository/org/apache/httpcomponents/httpclient-cache/4.1.2/httpclient-cache-4.1.2.jar:/Users/leinpilk/.m2/repository/org/jolokia/jolokia-core/1.1.1/jolokia-core-1.1.1.jar:/Users/leinpilk/.m2/repository/commons-jxpath/commons-jxpath/1.3/commons-jxpath-1.3.jar:/Users/leinpilk/.m2/repository/org/projectlombok/lombok/0.11.8/lombok-0.11.8.jar:/Users/leinpilk/.m2/repository/joda-time/joda-time/2.2/joda-time-2.2.jar:/Users/leinpilk/.m2/repository/javax/validation/validation-api/1.1.0.Final/validation-api-1.1.0.Final.jar:/Users/leinpilk/.m2/repository/org/hibernate/hibernate-validator/4.2.0.Final/hibernate-validator-4.2.0.Final.jar:/Users/leinpilk/.m2/repository/org/codehaus/jackson/jackson-core-asl/1.9.12/jackson-core-asl-1.9.12.jar:/Users/leinpilk/.m2/repository/org/codehaus/jackson/jackson-mapper-asl/1.9.12/jackson-mapper-asl-1.9.12.jar:/Users/leinpilk/.m2/repository/org/codehaus/jackson/jackson-jaxrs/1.9.12/jackson-jaxrs-1.9.12.jar:/Users/leinpilk/.m2/repository/org/codehaus/jackson/jackson-xc/1.9.12/jackson-xc-1.9.12.jar:/Users/leinpilk/.m2/repository/org/hdiv/hdiv-core/2.1.4/hdiv-core-2.1.4.jar:/Users/leinpilk/.m2/repository/commons-fileupload/commons-fileupload/1.1.1/commons-fileupload-1.1.1.jar:/Users/leinpilk/.m2/repository/commons-io/commons-io/1.1/commons-io-1.1.jar:/Users/leinpilk/.m2/repository/org/hdiv/hdiv-config/2.1.4/hdiv-config-2.1.4.jar:/Users/leinpilk/.m2/repository/org/hdiv/hdiv-spring-mvc/2.1.4/hdiv-spring-mvc-2.1.4.jar:/Users/leinpilk/.m2/repository/javax/servlet/servlet-api/2.5/servlet-api-2.5.jar:/Users/leinpilk/.m2/repository/org/grails/grails-core/2.2.0.RC2/grails-core-2.2.0.RC2.jar:/Users/leinpilk/.m2/repository/org/hdiv/hdiv-jstl-taglibs-1.2/2.1.4/hdiv-jstl-taglibs-1.2-2.1.4.jar:/Users/leinpilk/.m2/repository/javax/servlet/jstl/1.2/jstl-1.2.jar:/Users/leinpilk/.m2/repository/org/keyczar/keyczar/0.71g/keyczar-0.71g.jar:/Users/leinpilk/.m2/repository/com/google/code/gson/gson/1.7.1/gson-1.7.1.jar:/Users/leinpilk/.m2/repository/commons-codec/commons-codec/1.8/commons-codec-1.8.jar:/Users/leinpilk/.m2/repository/org/slf4j/jul-to-slf4j/1.7.5/jul-to-slf4j-1.7.5.jar:/Users/leinpilk/.m2/repository/org/slf4j/jcl-over-slf4j/1.7.5/jcl-over-slf4j-1.7.5.jar:/Users/leinpilk/.m2/repository/org/slf4j/slf4j-api/1.7.5/slf4j-api-1.7.5.jar:/Users/leinpilk/.m2/repository/org/slf4j/slf4j-log4j12/1.7.5/slf4j-log4j12-1.7.5.jar:/Users/leinpilk/.m2/repository/log4j/log4j/1.2.17/log4j-1.2.17.jar:/Users/leinpilk/.m2/repository/com/h2database/h2/1.2.132/h2-1.2.132.jar:/Users/leinpilk/.m2/repository/org/springframework/spring-test/3.1.4.RELEASE/spring-test-3.1.4.RELEASE.jar:/Users/leinpilk/.m2/repository/junit/junit/4.8.1/junit-4.8.1.jar:"/>
    <property name="java.vm.specification.version" value="1.0"/>
    <property name="sun.arch.data.model" value="64"/>
    <property name="java.home" value="/System/Library/Java/JavaVirtualMachines/1.6.0.jdk/Contents/Home"/>
    <property name="sun.java.command" value="/Users/leinpilk/Development/src/openinfinity/sso/open-infinity-identity-provisioning/open-infinity-identity-provisioning-bpmn/target/surefire/surefirebooter3738361042842865559.jar /Users/leinpilk/Development/src/openinfinity/sso/open-infinity-identity-provisioning/open-infinity-identity-provisioning-bpmn/target/surefire/surefire2209440927622081516tmp /Users/leinpilk/Development/src/openinfinity/sso/open-infinity-identity-provisioning/open-infinity-identity-provisioning-bpmn/target/surefire/surefire1134051135096756003tmp"/>
    <property name="java.specification.vendor" value="Sun Microsystems Inc."/>
    <property name="user.language" value="en"/>
    <property name="awt.toolkit" value="apple.awt.CToolkit"/>
    <property name="java.vm.info" value="mixed mode"/>
    <property name="java.version" value="1.6.0_65"/>
    <property name="java.ext.dirs" value="/Library/Java/Extensions:/System/Library/Java/Extensions:/System/Library/Java/JavaVirtualMachines/1.6.0.jdk/Contents/Home/lib/ext"/>
    <property name="sun.boot.class.path" value="/System/Library/Java/JavaVirtualMachines/1.6.0.jdk/Contents/Classes/jsfd.jar:/System/Library/Java/JavaVirtualMachines/1.6.0.jdk/Contents/Classes/classes.jar:/System/Library/Frameworks/JavaVM.framework/Frameworks/JavaRuntimeSupport.framework/Resources/Java/JavaRuntimeSupport.jar:/System/Library/Java/JavaVirtualMachines/1.6.0.jdk/Contents/Classes/ui.jar:/System/Library/Java/JavaVirtualMachines/1.6.0.jdk/Contents/Classes/laf.jar:/System/Library/Java/JavaVirtualMachines/1.6.0.jdk/Contents/Classes/sunrsasign.jar:/System/Library/Java/JavaVirtualMachines/1.6.0.jdk/Contents/Classes/jsse.jar:/System/Library/Java/JavaVirtualMachines/1.6.0.jdk/Contents/Classes/jce.jar:/System/Library/Java/JavaVirtualMachines/1.6.0.jdk/Contents/Classes/charsets.jar"/>
    <property name="java.vendor" value="Apple Inc."/>
    <property name="localRepository" value="/Users/leinpilk/.m2/repository"/>
    <property name="file.separator" value="/"/>
    <property name="java.vendor.url.bug" value="http://bugreport.apple.com/"/>
    <property name="sun.cpu.endian" value="little"/>
    <property name="sun.io.unicode.encoding" value="UnicodeLittle"/>
    <property name="mrj.version" value="1070.1.6.0_65-462"/>
    <property name="sun.cpu.isalist" value=""/>
  </properties>
  <testcase time="0.236" classname="org.openinfinity.sso.identityprovisioning.bpmn.ProcessEngineBridgeSpringIntegrationTest" name="givenKnownParameterMapWithKnownUserWhenStartingTheProcessThenTasksMustBeAvailableBasedOnTheProcessThenAfterClaimingOfTasksThereMustBeNoTasksAvailable">
    <error type="java.lang.NullPointerException">java.lang.NullPointerException
	at org.openinfinity.core.security.principal.Identity.getAuthorities(Identity.java:137)
	at org.openinfinity.sso.identityprovisioning.bpmn.ProcessEngineBridgeImpl.queryForTasksByUserRoles(ProcessEngineBridgeImpl.java:116)
	at org.openinfinity.sso.identityprovisioning.bpmn.ProcessEngineBridgeImpl$$FastClassByCGLIB$$999f662d.invoke(&lt;generated&gt;)
	at net.sf.cglib.proxy.MethodProxy.invoke(MethodProxy.java:191)
	at org.springframework.aop.framework.Cglib2AopProxy$CglibMethodInvocation.invokeJoinpoint(Cglib2AopProxy.java:689)
	at org.springframework.aop.framework.ReflectiveMethodInvocation.proceed(ReflectiveMethodInvocation.java:150)
	at org.springframework.aop.support.DelegatingIntroductionInterceptor.doProceed(DelegatingIntroductionInterceptor.java:131)
	at org.springframework.aop.support.DelegatingIntroductionInterceptor.invoke(DelegatingIntroductionInterceptor.java:119)
	at org.springframework.aop.framework.ReflectiveMethodInvocation.proceed(ReflectiveMethodInvocation.java:172)
	at org.springframework.aop.framework.Cglib2AopProxy$DynamicAdvisedInterceptor.intercept(Cglib2AopProxy.java:622)
	at org.openinfinity.sso.identityprovisioning.bpmn.ProcessEngineBridgeImpl$$EnhancerByCGLIB$$18422088.queryForTasksByUserRoles(&lt;generated&gt;)
	at org.openinfinity.sso.identityprovisioning.bpmn.ProcessEngineBridgeSpringIntegrationTest.givenKnownParameterMapWithKnownUserWhenStartingTheProcessThenTasksMustBeAvailableBasedOnTheProcessThenAfterClaimingOfTasksThereMustBeNoTasksAvailable(ProcessEngineBridgeSpringIntegrationTest.java:131)
	at sun.reflect.NativeMethodAccessorImpl.invoke0(Native Method)
	at sun.reflect.NativeMethodAccessorImpl.invoke(NativeMethodAccessorImpl.java:39)
	at sun.reflect.DelegatingMethodAccessorImpl.invoke(DelegatingMethodAccessorImpl.java:25)
	at java.lang.reflect.Method.invoke(Method.java:597)
	at org.junit.runners.model.FrameworkMethod$1.runReflectiveCall(FrameworkMethod.java:44)
	at org.junit.internal.runners.model.ReflectiveCallable.run(ReflectiveCallable.java:15)
	at org.junit.runners.model.FrameworkMethod.invokeExplosively(FrameworkMethod.java:41)
	at org.junit.internal.runners.statements.InvokeMethod.evaluate(InvokeMethod.java:20)
	at org.junit.internal.runners.statements.RunBefores.evaluate(RunBefores.java:28)
	at org.springframework.test.context.junit4.statements.RunBeforeTestMethodCallbacks.evaluate(RunBeforeTestMethodCallbacks.java:74)
	at org.springframework.test.context.junit4.statements.RunAfterTestMethodCallbacks.evaluate(RunAfterTestMethodCallbacks.java:83)
	at org.junit.rules.TestWatchman$1.evaluate(TestWatchman.java:48)
	at org.springframework.test.context.junit4.statements.SpringRepeat.evaluate(SpringRepeat.java:72)
	at org.springframework.test.context.junit4.SpringJUnit4ClassRunner.runChild(SpringJUnit4ClassRunner.java:231)
	at org.junit.runners.BlockJUnit4ClassRunner.runChild(BlockJUnit4ClassRunner.java:50)
	at org.junit.runners.ParentRunner$3.run(ParentRunner.java:193)
	at org.junit.runners.ParentRunner$1.schedule(ParentRunner.java:52)
	at org.junit.runners.ParentRunner.runChildren(ParentRunner.java:191)
	at org.junit.runners.ParentRunner.access$000(ParentRunner.java:42)
	at org.junit.runners.ParentRunner$2.evaluate(ParentRunner.java:184)
	at org.junit.internal.runners.statements.RunBefores.evaluate(RunBefores.java:28)
	at org.springframework.test.context.junit4.statements.RunBeforeTestClassCallbacks.evaluate(RunBeforeTestClassCallbacks.java:61)
	at org.springframework.test.context.junit4.statements.RunAfterTestClassCallbacks.evaluate(RunAfterTestClassCallbacks.java:71)
	at org.junit.runners.ParentRunner.run(ParentRunner.java:236)
	at org.springframework.test.context.junit4.SpringJUnit4ClassRunner.run(SpringJUnit4ClassRunner.java:174)
	at org.apache.maven.surefire.junit4.JUnit4TestSet.execute(JUnit4TestSet.java:35)
	at org.apache.maven.surefire.junit4.JUnit4Provider.executeTestSet(JUnit4Provider.java:115)
	at org.apache.maven.surefire.junit4.JUnit4Provider.invoke(JUnit4Provider.java:97)
	at sun.reflect.NativeMethodAccessorImpl.invoke0(Native Method)
	at sun.reflect.NativeMethodAccessorImpl.invoke(NativeMethodAccessorImpl.java:39)
	at sun.reflect.DelegatingMethodAccessorImpl.invoke(DelegatingMethodAccessorImpl.java:25)
	at java.lang.reflect.Method.invoke(Method.java:597)
	at org.apache.maven.surefire.booter.ProviderFactory$ClassLoaderProxy.invoke(ProviderFactory.java:103)
	at com.sun.proxy.$Proxy0.invoke(Unknown Source)
	at org.apache.maven.surefire.booter.SurefireStarter.invokeProvider(SurefireStarter.java:150)
	at org.apache.maven.surefire.booter.SurefireStarter.runSuitesInProcess(SurefireStarter.java:91)
	at org.apache.maven.surefire.booter.ForkedBooter.main(ForkedBooter.java:69)
</error>
    <system-out>@SLTests run: 1, Failures: 0, Errors: 0, Skipped: 0, Time elapsed: 2.693 sec
@SLRunning org.openinfinity.sso.identityprovisioning.bpmn.ProcessEngineBridgeSpringIntegrationTest
INFO : org.springframework.test.context.TestContextManager - @TestExecutionListeners is not present for class [class org.openinfinity.sso.identityprovisioning.bpmn.ProcessEngineBridgeSpringIntegrationTest]: using defaults.
INFO : org.activiti.engine.impl.bpmn.deployer.BpmnDeployer - Processing resource META-INF/bpmn/network-connection-order.spring.bpmn20.xml
INFO : org.activiti.engine.impl.bpmn.deployer.BpmnDeployer - Processing resource META-INF/bpmn/network-connection-order.spring.bpmn20.xml
</system-out>
  </testcase>
  <testcase time="0.243" classname="org.openinfinity.sso.identityprovisioning.bpmn.ProcessEngineBridgeSpringIntegrationTest" name="givenKnownParameterMapWithEntityThenStartingTheProcessThenUniqueIdOfTheProcessMustBeGiven"/>
  <testcase time="0.1" classname="org.openinfinity.sso.identityprovisioning.bpmn.ProcessEngineBridgeSpringIntegrationTest" name="givenKnownParameterMapWithEntityThenStartingTheProcessThenUniqueIdOfTheProcessMustBeGivenAndIdentityMustBeProvisioned"/>
  <testcase time="0.185" classname="org.openinfinity.sso.identityprovisioning.bpmn.ProcessEngineBridgeSpringIntegrationTest" name="givenKnownParameterMapWithEntityThenStartingTheProcessThenUniqueIdOfTheProcessMustBeGivenAndIdentityMustBeProvisioned2"/>
</testsuite>